

[WARN ] 2018-06-25 18:53:26,167 method:com.alibaba.dubbo.registry.support.AbstractRegistry.doSaveProperties(AbstractRegistry.java:221)
 [DUBBO] Failed to save registry store file, cause: Can not lock the registry cache file C:\Users\wb\.dubbo\dubbo-registry-192.168.25.128.cache, ignore and retry later, maybe multi java process use the file, please config: dubbo.registry.file=xxx.properties, dubbo version: 2.5.3, current host: 192.168.44.1
java.io.IOException: Can not lock the registry cache file C:\Users\wb\.dubbo\dubbo-registry-192.168.25.128.cache, ignore and retry later, maybe multi java process use the file, please config: dubbo.registry.file=xxx.properties
	at com.alibaba.dubbo.registry.support.AbstractRegistry.doSaveProperties(AbstractRegistry.java:193)
	at com.alibaba.dubbo.registry.support.AbstractRegistry$SaveProperties.run(AbstractRegistry.java:150)
	at java.util.concurrent.ThreadPoolExecutor.runWorker(ThreadPoolExecutor.java:1149)
	at java.util.concurrent.ThreadPoolExecutor$Worker.run(ThreadPoolExecutor.java:624)
	at java.lang.Thread.run(Thread.java:748)


[WARN ] 2018-06-25 18:53:26,168 method:com.alibaba.dubbo.registry.support.AbstractRegistry.doSaveProperties(AbstractRegistry.java:221)
 [DUBBO] Failed to save registry store file, cause: Can not lock the registry cache file C:\Users\wb\.dubbo\dubbo-registry-192.168.25.128.cache, ignore and retry later, maybe multi java process use the file, please config: dubbo.registry.file=xxx.properties, dubbo version: 2.5.3, current host: 192.168.44.1
java.io.IOException: Can not lock the registry cache file C:\Users\wb\.dubbo\dubbo-registry-192.168.25.128.cache, ignore and retry later, maybe multi java process use the file, please config: dubbo.registry.file=xxx.properties
	at com.alibaba.dubbo.registry.support.AbstractRegistry.doSaveProperties(AbstractRegistry.java:193)
	at com.alibaba.dubbo.registry.support.AbstractRegistry$SaveProperties.run(AbstractRegistry.java:150)
	at java.util.concurrent.ThreadPoolExecutor.runWorker(ThreadPoolExecutor.java:1149)
	at java.util.concurrent.ThreadPoolExecutor$Worker.run(ThreadPoolExecutor.java:624)
	at java.lang.Thread.run(Thread.java:748)


[WARN ] 2018-06-25 18:53:26,169 method:com.alibaba.dubbo.registry.support.AbstractRegistry.doSaveProperties(AbstractRegistry.java:221)
 [DUBBO] Failed to save registry store file, cause: Can not lock the registry cache file C:\Users\wb\.dubbo\dubbo-registry-192.168.25.128.cache, ignore and retry later, maybe multi java process use the file, please config: dubbo.registry.file=xxx.properties, dubbo version: 2.5.3, current host: 192.168.44.1
java.io.IOException: Can not lock the registry cache file C:\Users\wb\.dubbo\dubbo-registry-192.168.25.128.cache, ignore and retry later, maybe multi java process use the file, please config: dubbo.registry.file=xxx.properties
	at com.alibaba.dubbo.registry.support.AbstractRegistry.doSaveProperties(AbstractRegistry.java:193)
	at com.alibaba.dubbo.registry.support.AbstractRegistry$SaveProperties.run(AbstractRegistry.java:150)
	at java.util.concurrent.ThreadPoolExecutor.runWorker(ThreadPoolExecutor.java:1149)
	at java.util.concurrent.ThreadPoolExecutor$Worker.run(ThreadPoolExecutor.java:624)
	at java.lang.Thread.run(Thread.java:748)


[WARN ] 2018-06-25 18:53:26,169 method:com.alibaba.dubbo.registry.support.AbstractRegistry.doSaveProperties(AbstractRegistry.java:221)
 [DUBBO] Failed to save registry store file, cause: Can not lock the registry cache file C:\Users\wb\.dubbo\dubbo-registry-192.168.25.128.cache, ignore and retry later, maybe multi java process use the file, please config: dubbo.registry.file=xxx.properties, dubbo version: 2.5.3, current host: 192.168.44.1
java.io.IOException: Can not lock the registry cache file C:\Users\wb\.dubbo\dubbo-registry-192.168.25.128.cache, ignore and retry later, maybe multi java process use the file, please config: dubbo.registry.file=xxx.properties
	at com.alibaba.dubbo.registry.support.AbstractRegistry.doSaveProperties(AbstractRegistry.java:193)
	at com.alibaba.dubbo.registry.support.AbstractRegistry$SaveProperties.run(AbstractRegistry.java:150)
	at java.util.concurrent.ThreadPoolExecutor.runWorker(ThreadPoolExecutor.java:1149)
	at java.util.concurrent.ThreadPoolExecutor$Worker.run(ThreadPoolExecutor.java:624)
	at java.lang.Thread.run(Thread.java:748)


[WARN ] 2018-06-25 18:53:26,170 method:com.alibaba.dubbo.registry.support.AbstractRegistry.doSaveProperties(AbstractRegistry.java:221)
 [DUBBO] Failed to save registry store file, cause: Can not lock the registry cache file C:\Users\wb\.dubbo\dubbo-registry-192.168.25.128.cache, ignore and retry later, maybe multi java process use the file, please config: dubbo.registry.file=xxx.properties, dubbo version: 2.5.3, current host: 192.168.44.1
java.io.IOException: Can not lock the registry cache file C:\Users\wb\.dubbo\dubbo-registry-192.168.25.128.cache, ignore and retry later, maybe multi java process use the file, please config: dubbo.registry.file=xxx.properties
	at com.alibaba.dubbo.registry.support.AbstractRegistry.doSaveProperties(AbstractRegistry.java:193)
	at com.alibaba.dubbo.registry.support.AbstractRegistry$SaveProperties.run(AbstractRegistry.java:150)
	at java.util.concurrent.ThreadPoolExecutor.runWorker(ThreadPoolExecutor.java:1149)
	at java.util.concurrent.ThreadPoolExecutor$Worker.run(ThreadPoolExecutor.java:624)
	at java.lang.Thread.run(Thread.java:748)


[WARN ] 2018-06-25 18:53:26,171 method:com.alibaba.dubbo.registry.support.AbstractRegistry.doSaveProperties(AbstractRegistry.java:221)
 [DUBBO] Failed to save registry store file, cause: Can not lock the registry cache file C:\Users\wb\.dubbo\dubbo-registry-192.168.25.128.cache, ignore and retry later, maybe multi java process use the file, please config: dubbo.registry.file=xxx.properties, dubbo version: 2.5.3, current host: 192.168.44.1
java.io.IOException: Can not lock the registry cache file C:\Users\wb\.dubbo\dubbo-registry-192.168.25.128.cache, ignore and retry later, maybe multi java process use the file, please config: dubbo.registry.file=xxx.properties
	at com.alibaba.dubbo.registry.support.AbstractRegistry.doSaveProperties(AbstractRegistry.java:193)
	at com.alibaba.dubbo.registry.support.AbstractRegistry$SaveProperties.run(AbstractRegistry.java:150)
	at java.util.concurrent.ThreadPoolExecutor.runWorker(ThreadPoolExecutor.java:1149)
	at java.util.concurrent.ThreadPoolExecutor$Worker.run(ThreadPoolExecutor.java:624)
	at java.lang.Thread.run(Thread.java:748)


[WARN ] 2018-06-25 18:53:26,171 method:com.alibaba.dubbo.registry.support.AbstractRegistry.doSaveProperties(AbstractRegistry.java:221)
 [DUBBO] Failed to save registry store file, cause: Can not lock the registry cache file C:\Users\wb\.dubbo\dubbo-registry-192.168.25.128.cache, ignore and retry later, maybe multi java process use the file, please config: dubbo.registry.file=xxx.properties, dubbo version: 2.5.3, current host: 192.168.44.1
java.io.IOException: Can not lock the registry cache file C:\Users\wb\.dubbo\dubbo-registry-192.168.25.128.cache, ignore and retry later, maybe multi java process use the file, please config: dubbo.registry.file=xxx.properties
	at com.alibaba.dubbo.registry.support.AbstractRegistry.doSaveProperties(AbstractRegistry.java:193)
	at com.alibaba.dubbo.registry.support.AbstractRegistry$SaveProperties.run(AbstractRegistry.java:150)
	at java.util.concurrent.ThreadPoolExecutor.runWorker(ThreadPoolExecutor.java:1149)
	at java.util.concurrent.ThreadPoolExecutor$Worker.run(ThreadPoolExecutor.java:624)
	at java.lang.Thread.run(Thread.java:748)


[WARN ] 2018-06-25 18:53:26,172 method:com.alibaba.dubbo.registry.support.AbstractRegistry.doSaveProperties(AbstractRegistry.java:221)
 [DUBBO] Failed to save registry store file, cause: Can not lock the registry cache file C:\Users\wb\.dubbo\dubbo-registry-192.168.25.128.cache, ignore and retry later, maybe multi java process use the file, please config: dubbo.registry.file=xxx.properties, dubbo version: 2.5.3, current host: 192.168.44.1
java.io.IOException: Can not lock the registry cache file C:\Users\wb\.dubbo\dubbo-registry-192.168.25.128.cache, ignore and retry later, maybe multi java process use the file, please config: dubbo.registry.file=xxx.properties
	at com.alibaba.dubbo.registry.support.AbstractRegistry.doSaveProperties(AbstractRegistry.java:193)
	at com.alibaba.dubbo.registry.support.AbstractRegistry$SaveProperties.run(AbstractRegistry.java:150)
	at java.util.concurrent.ThreadPoolExecutor.runWorker(ThreadPoolExecutor.java:1149)
	at java.util.concurrent.ThreadPoolExecutor$Worker.run(ThreadPoolExecutor.java:624)
	at java.lang.Thread.run(Thread.java:748)


[WARN ] 2018-06-25 18:53:26,172 method:com.alibaba.dubbo.registry.support.AbstractRegistry.doSaveProperties(AbstractRegistry.java:221)
 [DUBBO] Failed to save registry store file, cause: Can not lock the registry cache file C:\Users\wb\.dubbo\dubbo-registry-192.168.25.128.cache, ignore and retry later, maybe multi java process use the file, please config: dubbo.registry.file=xxx.properties, dubbo version: 2.5.3, current host: 192.168.44.1
java.io.IOException: Can not lock the registry cache file C:\Users\wb\.dubbo\dubbo-registry-192.168.25.128.cache, ignore and retry later, maybe multi java process use the file, please config: dubbo.registry.file=xxx.properties
	at com.alibaba.dubbo.registry.support.AbstractRegistry.doSaveProperties(AbstractRegistry.java:193)
	at com.alibaba.dubbo.registry.support.AbstractRegistry$SaveProperties.run(AbstractRegistry.java:150)
	at java.util.concurrent.ThreadPoolExecutor.runWorker(ThreadPoolExecutor.java:1149)
	at java.util.concurrent.ThreadPoolExecutor$Worker.run(ThreadPoolExecutor.java:624)
	at java.lang.Thread.run(Thread.java:748)


[WARN ] 2018-06-25 18:53:26,173 method:com.alibaba.dubbo.registry.support.AbstractRegistry.doSaveProperties(AbstractRegistry.java:221)
 [DUBBO] Failed to save registry store file, cause: Can not lock the registry cache file C:\Users\wb\.dubbo\dubbo-registry-192.168.25.128.cache, ignore and retry later, maybe multi java process use the file, please config: dubbo.registry.file=xxx.properties, dubbo version: 2.5.3, current host: 192.168.44.1
java.io.IOException: Can not lock the registry cache file C:\Users\wb\.dubbo\dubbo-registry-192.168.25.128.cache, ignore and retry later, maybe multi java process use the file, please config: dubbo.registry.file=xxx.properties
	at com.alibaba.dubbo.registry.support.AbstractRegistry.doSaveProperties(AbstractRegistry.java:193)
	at com.alibaba.dubbo.registry.support.AbstractRegistry$SaveProperties.run(AbstractRegistry.java:150)
	at java.util.concurrent.ThreadPoolExecutor.runWorker(ThreadPoolExecutor.java:1149)
	at java.util.concurrent.ThreadPoolExecutor$Worker.run(ThreadPoolExecutor.java:624)
	at java.lang.Thread.run(Thread.java:748)


[WARN ] 2018-06-25 18:53:26,173 method:com.alibaba.dubbo.registry.support.AbstractRegistry.doSaveProperties(AbstractRegistry.java:221)
 [DUBBO] Failed to save registry store file, cause: Can not lock the registry cache file C:\Users\wb\.dubbo\dubbo-registry-192.168.25.128.cache, ignore and retry later, maybe multi java process use the file, please config: dubbo.registry.file=xxx.properties, dubbo version: 2.5.3, current host: 192.168.44.1
java.io.IOException: Can not lock the registry cache file C:\Users\wb\.dubbo\dubbo-registry-192.168.25.128.cache, ignore and retry later, maybe multi java process use the file, please config: dubbo.registry.file=xxx.properties
	at com.alibaba.dubbo.registry.support.AbstractRegistry.doSaveProperties(AbstractRegistry.java:193)
	at com.alibaba.dubbo.registry.support.AbstractRegistry$SaveProperties.run(AbstractRegistry.java:150)
	at java.util.concurrent.ThreadPoolExecutor.runWorker(ThreadPoolExecutor.java:1149)
	at java.util.concurrent.ThreadPoolExecutor$Worker.run(ThreadPoolExecutor.java:624)
	at java.lang.Thread.run(Thread.java:748)


[WARN ] 2018-06-25 18:53:26,173 method:com.alibaba.dubbo.registry.support.AbstractRegistry.doSaveProperties(AbstractRegistry.java:221)
 [DUBBO] Failed to save registry store file, cause: Can not lock the registry cache file C:\Users\wb\.dubbo\dubbo-registry-192.168.25.128.cache, ignore and retry later, maybe multi java process use the file, please config: dubbo.registry.file=xxx.properties, dubbo version: 2.5.3, current host: 192.168.44.1
java.io.IOException: Can not lock the registry cache file C:\Users\wb\.dubbo\dubbo-registry-192.168.25.128.cache, ignore and retry later, maybe multi java process use the file, please config: dubbo.registry.file=xxx.properties
	at com.alibaba.dubbo.registry.support.AbstractRegistry.doSaveProperties(AbstractRegistry.java:193)
	at com.alibaba.dubbo.registry.support.AbstractRegistry$SaveProperties.run(AbstractRegistry.java:150)
	at java.util.concurrent.ThreadPoolExecutor.runWorker(ThreadPoolExecutor.java:1149)
	at java.util.concurrent.ThreadPoolExecutor$Worker.run(ThreadPoolExecutor.java:624)
	at java.lang.Thread.run(Thread.java:748)


[WARN ] 2018-06-25 18:53:26,174 method:com.alibaba.dubbo.registry.support.AbstractRegistry.doSaveProperties(AbstractRegistry.java:221)
 [DUBBO] Failed to save registry store file, cause: Can not lock the registry cache file C:\Users\wb\.dubbo\dubbo-registry-192.168.25.128.cache, ignore and retry later, maybe multi java process use the file, please config: dubbo.registry.file=xxx.properties, dubbo version: 2.5.3, current host: 192.168.44.1
java.io.IOException: Can not lock the registry cache file C:\Users\wb\.dubbo\dubbo-registry-192.168.25.128.cache, ignore and retry later, maybe multi java process use the file, please config: dubbo.registry.file=xxx.properties
	at com.alibaba.dubbo.registry.support.AbstractRegistry.doSaveProperties(AbstractRegistry.java:193)
	at com.alibaba.dubbo.registry.support.AbstractRegistry$SaveProperties.run(AbstractRegistry.java:150)
	at java.util.concurrent.ThreadPoolExecutor.runWorker(ThreadPoolExecutor.java:1149)
	at java.util.concurrent.ThreadPoolExecutor$Worker.run(ThreadPoolExecutor.java:624)
	at java.lang.Thread.run(Thread.java:748)


[WARN ] 2018-06-25 18:53:26,174 method:com.alibaba.dubbo.registry.support.AbstractRegistry.doSaveProperties(AbstractRegistry.java:221)
 [DUBBO] Failed to save registry store file, cause: Can not lock the registry cache file C:\Users\wb\.dubbo\dubbo-registry-192.168.25.128.cache, ignore and retry later, maybe multi java process use the file, please config: dubbo.registry.file=xxx.properties, dubbo version: 2.5.3, current host: 192.168.44.1
java.io.IOException: Can not lock the registry cache file C:\Users\wb\.dubbo\dubbo-registry-192.168.25.128.cache, ignore and retry later, maybe multi java process use the file, please config: dubbo.registry.file=xxx.properties
	at com.alibaba.dubbo.registry.support.AbstractRegistry.doSaveProperties(AbstractRegistry.java:193)
	at com.alibaba.dubbo.registry.support.AbstractRegistry$SaveProperties.run(AbstractRegistry.java:150)
	at java.util.concurrent.ThreadPoolExecutor.runWorker(ThreadPoolExecutor.java:1149)
	at java.util.concurrent.ThreadPoolExecutor$Worker.run(ThreadPoolExecutor.java:624)
	at java.lang.Thread.run(Thread.java:748)


[WARN ] 2018-06-25 18:53:26,175 method:com.alibaba.dubbo.registry.support.AbstractRegistry.doSaveProperties(AbstractRegistry.java:221)
 [DUBBO] Failed to save registry store file, cause: Can not lock the registry cache file C:\Users\wb\.dubbo\dubbo-registry-192.168.25.128.cache, ignore and retry later, maybe multi java process use the file, please config: dubbo.registry.file=xxx.properties, dubbo version: 2.5.3, current host: 192.168.44.1
java.io.IOException: Can not lock the registry cache file C:\Users\wb\.dubbo\dubbo-registry-192.168.25.128.cache, ignore and retry later, maybe multi java process use the file, please config: dubbo.registry.file=xxx.properties
	at com.alibaba.dubbo.registry.support.AbstractRegistry.doSaveProperties(AbstractRegistry.java:193)
	at com.alibaba.dubbo.registry.support.AbstractRegistry$SaveProperties.run(AbstractRegistry.java:150)
	at java.util.concurrent.ThreadPoolExecutor.runWorker(ThreadPoolExecutor.java:1149)
	at java.util.concurrent.ThreadPoolExecutor$Worker.run(ThreadPoolExecutor.java:624)
	at java.lang.Thread.run(Thread.java:748)


[WARN ] 2018-06-25 18:53:26,176 method:com.alibaba.dubbo.registry.support.AbstractRegistry.doSaveProperties(AbstractRegistry.java:221)
 [DUBBO] Failed to save registry store file, cause: Can not lock the registry cache file C:\Users\wb\.dubbo\dubbo-registry-192.168.25.128.cache, ignore and retry later, maybe multi java process use the file, please config: dubbo.registry.file=xxx.properties, dubbo version: 2.5.3, current host: 192.168.44.1
java.io.IOException: Can not lock the registry cache file C:\Users\wb\.dubbo\dubbo-registry-192.168.25.128.cache, ignore and retry later, maybe multi java process use the file, please config: dubbo.registry.file=xxx.properties
	at com.alibaba.dubbo.registry.support.AbstractRegistry.doSaveProperties(AbstractRegistry.java:193)
	at com.alibaba.dubbo.registry.support.AbstractRegistry$SaveProperties.run(AbstractRegistry.java:150)
	at java.util.concurrent.ThreadPoolExecutor.runWorker(ThreadPoolExecutor.java:1149)
	at java.util.concurrent.ThreadPoolExecutor$Worker.run(ThreadPoolExecutor.java:624)
	at java.lang.Thread.run(Thread.java:748)


[WARN ] 2018-06-25 18:53:26,176 method:com.alibaba.dubbo.registry.support.AbstractRegistry.doSaveProperties(AbstractRegistry.java:221)
 [DUBBO] Failed to save registry store file, cause: Can not lock the registry cache file C:\Users\wb\.dubbo\dubbo-registry-192.168.25.128.cache, ignore and retry later, maybe multi java process use the file, please config: dubbo.registry.file=xxx.properties, dubbo version: 2.5.3, current host: 192.168.44.1
java.io.IOException: Can not lock the registry cache file C:\Users\wb\.dubbo\dubbo-registry-192.168.25.128.cache, ignore and retry later, maybe multi java process use the file, please config: dubbo.registry.file=xxx.properties
	at com.alibaba.dubbo.registry.support.AbstractRegistry.doSaveProperties(AbstractRegistry.java:193)
	at com.alibaba.dubbo.registry.support.AbstractRegistry$SaveProperties.run(AbstractRegistry.java:150)
	at java.util.concurrent.ThreadPoolExecutor.runWorker(ThreadPoolExecutor.java:1149)
	at java.util.concurrent.ThreadPoolExecutor$Worker.run(ThreadPoolExecutor.java:624)
	at java.lang.Thread.run(Thread.java:748)


[WARN ] 2018-06-25 18:53:26,177 method:com.alibaba.dubbo.registry.support.AbstractRegistry.doSaveProperties(AbstractRegistry.java:221)
 [DUBBO] Failed to save registry store file, cause: Can not lock the registry cache file C:\Users\wb\.dubbo\dubbo-registry-192.168.25.128.cache, ignore and retry later, maybe multi java process use the file, please config: dubbo.registry.file=xxx.properties, dubbo version: 2.5.3, current host: 192.168.44.1
java.io.IOException: Can not lock the registry cache file C:\Users\wb\.dubbo\dubbo-registry-192.168.25.128.cache, ignore and retry later, maybe multi java process use the file, please config: dubbo.registry.file=xxx.properties
	at com.alibaba.dubbo.registry.support.AbstractRegistry.doSaveProperties(AbstractRegistry.java:193)
	at com.alibaba.dubbo.registry.support.AbstractRegistry$SaveProperties.run(AbstractRegistry.java:150)
	at java.util.concurrent.ThreadPoolExecutor.runWorker(ThreadPoolExecutor.java:1149)
	at java.util.concurrent.ThreadPoolExecutor$Worker.run(ThreadPoolExecutor.java:624)
	at java.lang.Thread.run(Thread.java:748)


[WARN ] 2018-06-25 18:53:26,180 method:com.alibaba.dubbo.registry.support.AbstractRegistry.doSaveProperties(AbstractRegistry.java:221)
 [DUBBO] Failed to save registry store file, cause: Can not lock the registry cache file C:\Users\wb\.dubbo\dubbo-registry-192.168.25.128.cache, ignore and retry later, maybe multi java process use the file, please config: dubbo.registry.file=xxx.properties, dubbo version: 2.5.3, current host: 192.168.44.1
java.io.IOException: Can not lock the registry cache file C:\Users\wb\.dubbo\dubbo-registry-192.168.25.128.cache, ignore and retry later, maybe multi java process use the file, please config: dubbo.registry.file=xxx.properties
	at com.alibaba.dubbo.registry.support.AbstractRegistry.doSaveProperties(AbstractRegistry.java:193)
	at com.alibaba.dubbo.registry.support.AbstractRegistry$SaveProperties.run(AbstractRegistry.java:150)
	at java.util.concurrent.ThreadPoolExecutor.runWorker(ThreadPoolExecutor.java:1149)
	at java.util.concurrent.ThreadPoolExecutor$Worker.run(ThreadPoolExecutor.java:624)
	at java.lang.Thread.run(Thread.java:748)


[INFO ] 2018-06-25 18:54:10,359 method:org.springframework.web.servlet.FrameworkServlet.initServletBean(FrameworkServlet.java:489)
FrameworkServlet 'e3-search-web': initialization started


[INFO ] 2018-06-25 18:54:10,405 method:org.springframework.context.support.AbstractApplicationContext.prepareRefresh(AbstractApplicationContext.java:578)
Refreshing WebApplicationContext for namespace 'e3-search-web-servlet': startup date [Mon Jun 25 18:54:10 CST 2018]; root of context hierarchy


[INFO ] 2018-06-25 18:54:10,990 method:org.springframework.beans.factory.xml.XmlBeanDefinitionReader.loadBeanDefinitions(XmlBeanDefinitionReader.java:317)
Loading XML bean definitions from class path resource [spring/springmvc.xml]


[INFO ] 2018-06-25 18:54:11,912 method:
using logger: com.alibaba.dubbo.common.logger.log4j.Log4jLoggerAdapter


[INFO ] 2018-06-25 18:54:12,138 method:org.springframework.core.io.support.PropertiesLoaderSupport.loadProperties(PropertiesLoaderSupport.java:172)
Loading properties file from class path resource [conf/resource.properties]


[INFO ] 2018-06-25 18:54:12,150 method:org.springframework.beans.factory.annotation.AutowiredAnnotationBeanPostProcessor.<init>(AutowiredAnnotationBeanPostProcessor.java:153)
JSR-330 'javax.inject.Inject' annotation found and supported for autowiring


[INFO ] 2018-06-25 18:54:13,900 method:com.alibaba.dubbo.registry.support.AbstractRegistry.loadProperties(AbstractRegistry.java:232)
 [DUBBO] Load registry store file C:\Users\wb\.dubbo\dubbo-registry-192.168.25.128.cache, data: {cn.e3mall.content.service.ContentCategoryService=empty://192.168.44.1/cn.e3mall.content.service.ContentCategoryService?application=e3-manager-web&category=configurators&dubbo=2.5.3&interface=cn.e3mall.content.service.ContentCategoryService&methods=addContentCategory,updateContentCategory,deleteContentCategory,getContentCatList&pid=7008&revision=1.0-SNAPSHOT&side=consumer&timestamp=1529920610199 empty://192.168.44.1/cn.e3mall.content.service.ContentCategoryService?application=e3-manager-web&category=routers&dubbo=2.5.3&interface=cn.e3mall.content.service.ContentCategoryService&methods=addContentCategory,updateContentCategory,deleteContentCategory,getContentCatList&pid=7008&revision=1.0-SNAPSHOT&side=consumer&timestamp=1529920610199 dubbo://192.168.44.1:20881/cn.e3mall.content.service.ContentCategoryService?anyhost=true&application=e3-content&dubbo=2.5.3&interface=cn.e3mall.content.service.ContentCategoryService&methods=addContentCategory,updateContentCategory,deleteContentCategory,getContentCatList&pid=10560&side=provider&timeout=600000&timestamp=1529920490024, cn.e3mall.content.service.ContentService=empty://192.168.44.1/cn.e3mall.content.service.ContentService?application=e3-portal-web&category=configurators&dubbo=2.5.3&interface=cn.e3mall.content.service.ContentService&methods=getContentList,getContentListByCategoryId,editContent,deleteContent,addContent&pid=4844&revision=1.0-SNAPSHOT&side=consumer&timestamp=1529920619896 empty://192.168.44.1/cn.e3mall.content.service.ContentService?application=e3-portal-web&category=routers&dubbo=2.5.3&interface=cn.e3mall.content.service.ContentService&methods=getContentList,getContentListByCategoryId,editContent,deleteContent,addContent&pid=4844&revision=1.0-SNAPSHOT&side=consumer&timestamp=1529920619896 dubbo://192.168.44.1:20881/cn.e3mall.content.service.ContentService?anyhost=true&application=e3-content&dubbo=2.5.3&interface=cn.e3mall.content.service.ContentService&methods=getContentList,getContentListByCategoryId,editContent,deleteContent,addContent&pid=10560&side=provider&timeout=600000&timestamp=1529920492917, cn.e3mall.service.ItemParamService=empty://192.168.44.1:20880/cn.e3mall.service.ItemParamService?anyhost=true&application=e3-manager&category=configurators&check=false&dubbo=2.5.3&interface=cn.e3mall.service.ItemParamService&methods=getItemParamById&pid=6992&side=provider&timeout=600000&timestamp=1529923772481, cn.e3mall.search.service.SearchItemService=empty://192.168.44.1:20882/cn.e3mall.search.service.SearchItemService?anyhost=true&application=e3-search&category=configurators&check=false&dubbo=2.5.3&interface=cn.e3mall.search.service.SearchItemService&methods=importAllItems&pid=11004&side=provider&timeout=600000&timestamp=1529923774268, cn.e3mall.service.ItemDescService=empty://192.168.44.1/cn.e3mall.service.ItemDescService?application=e3-item-web&category=configurators&dubbo=2.5.3&interface=cn.e3mall.service.ItemDescService&methods=getTbItemDescById&pid=8276&revision=1.0-SNAPSHOT&side=consumer&timestamp=1529923991682 empty://192.168.44.1/cn.e3mall.service.ItemDescService?application=e3-item-web&category=routers&dubbo=2.5.3&interface=cn.e3mall.service.ItemDescService&methods=getTbItemDescById&pid=8276&revision=1.0-SNAPSHOT&side=consumer&timestamp=1529923991682 dubbo://192.168.44.1:20880/cn.e3mall.service.ItemDescService?anyhost=true&application=e3-manager&dubbo=2.5.3&interface=cn.e3mall.service.ItemDescService&methods=getTbItemDescById&pid=6992&side=provider&timeout=600000&timestamp=1529923772291, cn.e3mall.service.ItemService=empty://192.168.44.1/cn.e3mall.service.ItemService?application=e3-item-web&category=configurators&dubbo=2.5.3&interface=cn.e3mall.service.ItemService&methods=reshelfItem,addItem,getItemList,deleteItem,instockItem,getItemById,updateItem&pid=8276&revision=1.0-SNAPSHOT&side=consumer&timestamp=1529923987982 empty://192.168.44.1/cn.e3mall.service.ItemService?application=e3-item-web&category=routers&dubbo=2.5.3&interface=cn.e3mall.service.ItemService&methods=reshelfItem,addItem,getItemList,deleteItem,instockItem,getItemById,updateItem&pid=8276&revision=1.0-SNAPSHOT&side=consumer&timestamp=1529923987982 dubbo://192.168.44.1:20880/cn.e3mall.service.ItemService?anyhost=true&application=e3-manager&dubbo=2.5.3&interface=cn.e3mall.service.ItemService&methods=reshelfItem,getItemList,addItem,deleteItem,instockItem,getItemById,updateItem&pid=6992&side=provider&timeout=600000&timestamp=1529923768034, cn.e3mall.service.ItemCatService=empty://192.168.44.1:20880/cn.e3mall.service.ItemCatService?anyhost=true&application=e3-manager&category=configurators&check=false&dubbo=2.5.3&interface=cn.e3mall.service.ItemCatService&methods=getItemCatList&pid=6992&side=provider&timeout=600000&timestamp=1529923772116, cn.e3mall.search.service.SearchService=empty://192.168.44.1:20882/cn.e3mall.search.service.SearchService?anyhost=true&application=e3-search&category=configurators&check=false&dubbo=2.5.3&interface=cn.e3mall.search.service.SearchService&methods=search&pid=11004&side=provider&timeout=600000&timestamp=1529923775684}, dubbo version: 2.5.3, current host: 127.0.0.1


[INFO ] 2018-06-25 18:54:13,952 method:org.I0Itec.zkclient.ZkEventThread.run(ZkEventThread.java:64)
Starting ZkClient event thread.


[INFO ] 2018-06-25 18:54:14,089 method:org.apache.zookeeper.Environment.logEnv(Environment.java:100)
Client environment:zookeeper.version=3.4.7-1713338, built on 11/09/2015 04:32 GMT


[INFO ] 2018-06-25 18:54:15,091 method:org.apache.zookeeper.Environment.logEnv(Environment.java:100)
Client environment:host.name=wb-PC


[INFO ] 2018-06-25 18:54:15,092 method:org.apache.zookeeper.Environment.logEnv(Environment.java:100)
Client environment:java.version=1.8.0_144


[INFO ] 2018-06-25 18:54:15,092 method:org.apache.zookeeper.Environment.logEnv(Environment.java:100)
Client environment:java.vendor=Oracle Corporation


[INFO ] 2018-06-25 18:54:15,093 method:org.apache.zookeeper.Environment.logEnv(Environment.java:100)
Client environment:java.home=C:\Program Files\Java\jdk1.8.0_144\jre


[INFO ] 2018-06-25 18:54:15,093 method:org.apache.zookeeper.Environment.logEnv(Environment.java:100)
Client environment:java.class.path=G:\java txt\apache\apache-maven-3.5.0\boot\plexus-classworlds-2.5.2.jar;C:\Program Files\JetBrains\IntelliJ IDEA 2017.3\lib\idea_rt.jar


[INFO ] 2018-06-25 18:54:15,094 method:org.apache.zookeeper.Environment.logEnv(Environment.java:100)
Client environment:java.library.path=C:\Program Files\Java\jdk1.8.0_144\bin;C:\Windows\Sun\Java\bin;C:\Windows\system32;C:\Windows;C:\Program Files\Common Files\Siemens\Automation\Simatic OAM\bin;C:\Program Files (x86)\Common Files\Oracle\Java\javapath;C:\ProgramData\Oracle\Java\javapath;C:\PROGRA~1\Basler\pylon 5\Runtime\Win32\;C:\PROGRA~1\Basler\pylon 5\Runtime\x64\;C:\Program Files (x86)\NVIDIA Corporation\PhysX\Common;C:\Windows\system32;C:\Windows;C:\Windows\System32\Wbem;C:\Windows\System32\WindowsPowerShell\v1.0\;C:\Program Files (x86)\Windows Kits\8.1\Windows Performance Toolkit\;C:\Program Files\Microsoft SQL Server\110\Tools\Binn\;C:\Program Files (x86)\Microsoft SDKs\TypeScript\1.0\;C:\Program Files\IDM Computer Solutions\UltraEdit;C:\Program Files\Java\jdk1.8.0_144\bin;G:\java txt\apache\apache-maven-3.5.0\bin;F:\mysql-5.7.20-winx64\bin;G:\java txt\apache\apache-tomcat-8.5.24\lib;G:\java txt\apache\apache-tomcat-8.5.24\bin;.


[INFO ] 2018-06-25 18:54:15,095 method:org.apache.zookeeper.Environment.logEnv(Environment.java:100)
Client environment:java.io.tmpdir=C:\Users\wb\AppData\Local\Temp\


[INFO ] 2018-06-25 18:54:15,097 method:org.apache.zookeeper.Environment.logEnv(Environment.java:100)
Client environment:java.compiler=<NA>


[INFO ] 2018-06-25 18:54:15,098 method:org.apache.zookeeper.Environment.logEnv(Environment.java:100)
Client environment:os.name=Windows 7


[INFO ] 2018-06-25 18:54:15,099 method:org.apache.zookeeper.Environment.logEnv(Environment.java:100)
Client environment:os.arch=amd64


[INFO ] 2018-06-25 18:54:15,099 method:org.apache.zookeeper.Environment.logEnv(Environment.java:100)
Client environment:os.version=6.1


[INFO ] 2018-06-25 18:54:15,099 method:org.apache.zookeeper.Environment.logEnv(Environment.java:100)
Client environment:user.name=wb


[INFO ] 2018-06-25 18:54:15,100 method:org.apache.zookeeper.Environment.logEnv(Environment.java:100)
Client environment:user.home=C:\Users\wb


[INFO ] 2018-06-25 18:54:15,100 method:org.apache.zookeeper.Environment.logEnv(Environment.java:100)
Client environment:user.dir=G:\java txt\ideaIU Porject\e3-mall\e3-search-web


[INFO ] 2018-06-25 18:54:15,102 method:org.apache.zookeeper.ZooKeeper.<init>(ZooKeeper.java:438)
Initiating client connection, connectString=192.168.25.128:2181 sessionTimeout=30000 watcher=org.I0Itec.zkclient.ZkClient@4fc08bcd


[INFO ] 2018-06-25 18:54:15,200 method:org.apache.zookeeper.ClientCnxn$SendThread.logStartConnect(ClientCnxn.java:1032)
Opening socket connection to server 192.168.25.128/192.168.25.128:2181. Will not attempt to authenticate using SASL (unknown error)


[INFO ] 2018-06-25 18:54:15,206 method:org.apache.zookeeper.ClientCnxn$SendThread.primeConnection(ClientCnxn.java:876)
Socket connection established to 192.168.25.128/192.168.25.128:2181, initiating session


[INFO ] 2018-06-25 18:54:15,218 method:org.apache.zookeeper.ClientCnxn$SendThread.onConnected(ClientCnxn.java:1299)
Session establishment complete on server 192.168.25.128/192.168.25.128:2181, sessionid = 0x16437cbca77001e, negotiated timeout = 30000


[INFO ] 2018-06-25 18:54:15,221 method:org.I0Itec.zkclient.ZkClient.processStateChanged(ZkClient.java:449)
zookeeper state changed (SyncConnected)


[INFO ] 2018-06-25 18:54:15,260 method:com.alibaba.dubbo.registry.support.AbstractRegistry.register(AbstractRegistry.java:302)
 [DUBBO] Register: consumer://192.168.44.1/cn.e3mall.search.service.SearchService?application=e3-search-web&category=consumers&check=false&dubbo=2.5.3&interface=cn.e3mall.search.service.SearchService&methods=search&pid=9936&revision=1.0-SNAPSHOT&side=consumer&timestamp=1529924053708, dubbo version: 2.5.3, current host: 192.168.44.1


[INFO ] 2018-06-25 18:54:15,302 method:com.alibaba.dubbo.registry.support.AbstractRegistry.subscribe(AbstractRegistry.java:325)
 [DUBBO] Subscribe: consumer://192.168.44.1/cn.e3mall.search.service.SearchService?application=e3-search-web&category=providers,configurators,routers&dubbo=2.5.3&interface=cn.e3mall.search.service.SearchService&methods=search&pid=9936&revision=1.0-SNAPSHOT&side=consumer&timestamp=1529924053708, dubbo version: 2.5.3, current host: 192.168.44.1


[INFO ] 2018-06-25 18:54:15,415 method:com.alibaba.dubbo.registry.support.AbstractRegistry.notify(AbstractRegistry.java:422)
 [DUBBO] Notify urls for subscribe url consumer://192.168.44.1/cn.e3mall.search.service.SearchService?application=e3-search-web&category=providers,configurators,routers&dubbo=2.5.3&interface=cn.e3mall.search.service.SearchService&methods=search&pid=9936&revision=1.0-SNAPSHOT&side=consumer&timestamp=1529924053708, urls: [dubbo://192.168.44.1:20882/cn.e3mall.search.service.SearchService?anyhost=true&application=e3-search&dubbo=2.5.3&interface=cn.e3mall.search.service.SearchService&methods=search&pid=11004&side=provider&timeout=600000&timestamp=1529923775684, empty://192.168.44.1/cn.e3mall.search.service.SearchService?application=e3-search-web&category=configurators&dubbo=2.5.3&interface=cn.e3mall.search.service.SearchService&methods=search&pid=9936&revision=1.0-SNAPSHOT&side=consumer&timestamp=1529924053708, empty://192.168.44.1/cn.e3mall.search.service.SearchService?application=e3-search-web&category=routers&dubbo=2.5.3&interface=cn.e3mall.search.service.SearchService&methods=search&pid=9936&revision=1.0-SNAPSHOT&side=consumer&timestamp=1529924053708], dubbo version: 2.5.3, current host: 192.168.44.1


[INFO ] 2018-06-25 18:54:15,708 method:com.alibaba.dubbo.remoting.transport.AbstractClient.connect(AbstractClient.java:287)
 [DUBBO] Successed connect to server /192.168.44.1:20882 from NettyClient 192.168.44.1 using dubbo version 2.5.3, channel is NettyChannel [channel=[id: 0xa832643e, /192.168.44.1:8751 => /192.168.44.1:20882]], dubbo version: 2.5.3, current host: 192.168.44.1


[INFO ] 2018-06-25 18:54:15,709 method:com.alibaba.dubbo.remoting.transport.AbstractClient.<init>(AbstractClient.java:105)
 [DUBBO] Start NettyClient wb-PC/192.168.44.1 connect to the server /192.168.44.1:20882, dubbo version: 2.5.3, current host: 192.168.44.1


[INFO ] 2018-06-25 18:54:15,836 method:com.alibaba.dubbo.config.ReferenceConfig.createProxy(ReferenceConfig.java:423)
 [DUBBO] Refer dubbo service cn.e3mall.search.service.SearchService from url zookeeper://192.168.25.128:2181/com.alibaba.dubbo.registry.RegistryService?anyhost=true&application=e3-search-web&check=false&dubbo=2.5.3&interface=cn.e3mall.search.service.SearchService&methods=search&pid=9936&revision=1.0-SNAPSHOT&side=consumer&timeout=600000&timestamp=1529924053708, dubbo version: 2.5.3, current host: 192.168.44.1


[INFO ] 2018-06-25 18:54:16,247 method:org.springframework.web.servlet.handler.AbstractHandlerMethodMapping$MappingRegistry.register(AbstractHandlerMethodMapping.java:527)
Mapped "{[/search]}" onto public java.lang.String cn.e3mall.search.controller.SearchController.SearchItemList(java.lang.String,java.lang.Integer,org.springframework.ui.Model) throws java.lang.Exception


[INFO ] 2018-06-25 18:54:16,998 method:org.springframework.web.servlet.mvc.method.annotation.RequestMappingHandlerAdapter.initControllerAdviceCache(RequestMappingHandlerAdapter.java:532)
Looking for @ControllerAdvice: WebApplicationContext for namespace 'e3-search-web-servlet': startup date [Mon Jun 25 18:54:10 CST 2018]; root of context hierarchy


[INFO ] 2018-06-25 18:54:17,144 method:org.springframework.web.servlet.mvc.method.annotation.RequestMappingHandlerAdapter.initControllerAdviceCache(RequestMappingHandlerAdapter.java:532)
Looking for @ControllerAdvice: WebApplicationContext for namespace 'e3-search-web-servlet': startup date [Mon Jun 25 18:54:10 CST 2018]; root of context hierarchy


[INFO ] 2018-06-25 18:54:17,502 method:org.springframework.web.servlet.FrameworkServlet.initServletBean(FrameworkServlet.java:508)
FrameworkServlet 'e3-search-web': initialization completed in 7125 ms
